2021-05-01 10:05:51.366 [main] INFO  dev.kolja.gnengine.core.Engine - GLFW initialized
2021-05-01 10:05:51.818 [main] DEBUG dev.kolja.gnengine.core.Engine - true-P2P 0
2021-05-01 10:05:51.818 [main] ERROR dev.kolja.gnengine.core.Engine - Texture [texture/true-P2P.png] could not be loaded
2021-05-01 10:05:51.826 [main] DEBUG dev.kolja.gnengine.core.Engine - font/font 1
2021-05-01 10:05:51.929 [main] DEBUG dev.kolja.gnengine.core.Engine - sheep 4
2021-05-01 10:05:51.931 [main] DEBUG dev.kolja.gnengine.core.Engine - kolle 0
2021-05-01 10:05:51.931 [main] ERROR dev.kolja.gnengine.core.Engine - Texture [texture/kolle.png] could not be loaded
2021-06-01 10:06:38.080 [main] INFO  dev.kolja.gnengine.core.Engine - GLFW initialized
2021-06-01 10:06:38.484 [main] DEBUG dev.kolja.gnengine.core.Engine - true-P2P 0
2021-06-01 10:06:38.484 [main] ERROR dev.kolja.gnengine.core.Engine - Texture [texture/true-P2P.png] could not be loaded
2021-06-01 10:06:38.485 [main] DEBUG dev.kolja.gnengine.core.Engine - font/font 1
2021-06-01 10:06:38.583 [main] DEBUG dev.kolja.gnengine.core.Engine - sheep 4
2021-06-01 10:06:38.585 [main] DEBUG dev.kolja.gnengine.core.Engine - kolle 0
2021-06-01 10:06:38.585 [main] ERROR dev.kolja.gnengine.core.Engine - Texture [texture/kolle.png] could not be loaded
2021-11-01 10:11:18.757 [main] INFO  dev.kolja.gnengine.core.Engine - GLFW initialized
2021-11-01 10:11:19.143 [main] DEBUG dev.kolja.gnengine.core.Engine - true-P2P 0
2021-11-01 10:11:19.143 [main] ERROR dev.kolja.gnengine.core.Engine - Texture [texture/true-P2P.png] could not be loaded
2021-11-01 10:11:19.145 [main] DEBUG dev.kolja.gnengine.core.Engine - font/font 1
2021-11-01 10:11:19.240 [main] DEBUG dev.kolja.gnengine.core.Engine - sheep 4
2021-11-01 10:11:19.242 [main] DEBUG dev.kolja.gnengine.core.Engine - kolle 0
2021-11-01 10:11:19.242 [main] ERROR dev.kolja.gnengine.core.Engine - Texture [texture/kolle.png] could not be loaded
2021-11-01 12:11:27.935 [main] INFO  dev.kolja.gnengine.core.Engine - GLFW initialized
2021-11-01 12:11:28.417 [main] DEBUG dev.kolja.gnengine.core.Engine - true-P2P 0
2021-11-01 12:11:28.417 [main] ERROR dev.kolja.gnengine.core.Engine - Texture [texture/true-P2P.png] could not be loaded
2021-11-01 12:11:28.419 [main] DEBUG dev.kolja.gnengine.core.Engine - font/font 1
2021-11-01 12:11:28.519 [main] DEBUG dev.kolja.gnengine.core.Engine - sheep 4
2021-11-01 12:11:28.522 [main] DEBUG dev.kolja.gnengine.core.Engine - kolle 0
2021-11-01 12:11:28.522 [main] ERROR dev.kolja.gnengine.core.Engine - Texture [texture/kolle.png] could not be loaded
