2021-57-07 10:57:37.562 [Test worker] INFO  dev.kolja.gnengine.core.Engine - GLFW initialized
2021-57-07 10:57:38.009 [Test worker] DEBUG dev.kolja.gnengine.core.Engine - true-P2P 0
2021-57-07 10:57:38.009 [Test worker] ERROR dev.kolja.gnengine.core.Engine - Texture [texture/true-P2P.png] could not be loaded
2021-57-07 10:57:38.011 [Test worker] DEBUG dev.kolja.gnengine.core.Engine - font/font 1
2021-00-07 11:00:13.063 [Test worker] INFO  dev.kolja.gnengine.core.Engine - GLFW initialized
2021-00-07 11:00:13.506 [Test worker] DEBUG dev.kolja.gnengine.core.Engine - font/font 1
2021-00-07 11:00:13.546 [Test worker] WARN  dev.kolja.gnengine.core.Engine - ContainerAxis not set properly. Defaulting to HORIZONTAL
2021-00-07 11:00:57.014 [Test worker] INFO  dev.kolja.gnengine.core.Engine - GLFW initialized
2021-00-07 11:00:57.456 [Test worker] DEBUG dev.kolja.gnengine.core.Engine - font/font 1
2021-00-07 11:00:57.498 [Test worker] WARN  dev.kolja.gnengine.core.Engine - ContainerAxis not set properly. Defaulting to HORIZONTAL
2021-01-07 11:01:44.803 [Test worker] INFO  dev.kolja.gnengine.core.Engine - GLFW initialized
2021-01-07 11:01:45.234 [Test worker] DEBUG dev.kolja.gnengine.core.Engine - font/font 1
2021-01-07 11:01:45.274 [Test worker] WARN  dev.kolja.gnengine.core.Engine - ContainerAxis not set properly. Defaulting to HORIZONTAL
2021-02-07 11:02:03.822 [Test worker] INFO  dev.kolja.gnengine.core.Engine - GLFW initialized
2021-02-07 11:02:04.240 [Test worker] DEBUG dev.kolja.gnengine.core.Engine - font/font 1
2021-02-07 11:02:04.280 [Test worker] WARN  dev.kolja.gnengine.core.Engine - ContainerAxis not set properly. Defaulting to HORIZONTAL
2021-02-07 11:02:17.833 [Test worker] INFO  dev.kolja.gnengine.core.Engine - GLFW initialized
2021-02-07 11:02:18.250 [Test worker] DEBUG dev.kolja.gnengine.core.Engine - font/font 1
2021-02-07 11:02:18.291 [Test worker] WARN  dev.kolja.gnengine.core.Engine - ContainerAxis not set properly. Defaulting to HORIZONTAL
2021-02-07 11:02:46.494 [Test worker] INFO  dev.kolja.gnengine.core.Engine - GLFW initialized
2021-02-07 11:02:46.922 [Test worker] DEBUG dev.kolja.gnengine.core.Engine - font/font 1
2021-02-07 11:02:46.961 [Test worker] WARN  dev.kolja.gnengine.core.Engine - ContainerAxis not set properly. Defaulting to HORIZONTAL
2021-03-07 11:03:01.931 [Test worker] INFO  dev.kolja.gnengine.core.Engine - GLFW initialized
2021-03-07 11:03:02.340 [Test worker] DEBUG dev.kolja.gnengine.core.Engine - font/font 1
2021-03-07 11:03:02.381 [Test worker] WARN  dev.kolja.gnengine.core.Engine - ContainerAxis not set properly. Defaulting to HORIZONTAL
2021-03-07 11:03:14.934 [Test worker] INFO  dev.kolja.gnengine.core.Engine - GLFW initialized
2021-03-07 11:03:15.343 [Test worker] DEBUG dev.kolja.gnengine.core.Engine - font/font 1
2021-03-07 11:03:15.381 [Test worker] WARN  dev.kolja.gnengine.core.Engine - ContainerAxis not set properly. Defaulting to HORIZONTAL
2021-12-07 11:12:13.633 [Test worker] INFO  dev.kolja.gnengine.core.Engine - GLFW initialized
2021-12-07 11:12:14.174 [Test worker] DEBUG dev.kolja.gnengine.core.Engine - font/font 1
2021-12-07 11:12:14.215 [Test worker] WARN  dev.kolja.gnengine.core.Engine - ContainerAxis not set properly. Defaulting to HORIZONTAL
2021-12-07 11:12:14.248 [Test worker] ERROR dev.kolja.gnengine.core.Engine - Shader [vertex]test failed to compile
2021-12-07 11:12:14.249 [Test worker] ERROR dev.kolja.gnengine.core.Engine - Vertex shader failed to compile with the following errors:
ERROR: 0:2: error(#250) Main function cannot return a value: int
ERROR: 0:2: error(#251) Function does not return a value: main
ERROR: error(#273) 2 compilation errors.  No code generated


2021-12-07 11:12:14.250 [Test worker] ERROR dev.kolja.gnengine.core.Engine - Shader [fragment]test failed to compile
2021-12-07 11:12:14.250 [Test worker] ERROR dev.kolja.gnengine.core.Engine - Fragment shader failed to compile with the following errors:
ERROR: 0:2: error(#250) Main function cannot return a value: int
ERROR: 0:2: error(#251) Function does not return a value: main
ERROR: error(#273) 2 compilation errors.  No code generated


2021-12-07 11:12:14.251 [Test worker] ERROR dev.kolja.gnengine.core.Engine - Failed to link program
2021-12-07 11:12:14.251 [Test worker] ERROR dev.kolja.gnengine.core.Engine - Vertex and Fragment shader(s) were not successfully compiled before glLinkProgram() was called.  Link failed. 

2021-12-07 11:12:42.414 [Test worker] INFO  dev.kolja.gnengine.core.Engine - GLFW initialized
2021-12-07 11:12:42.840 [Test worker] DEBUG dev.kolja.gnengine.core.Engine - font/font 1
2021-12-07 11:12:42.881 [Test worker] WARN  dev.kolja.gnengine.core.Engine - ContainerAxis not set properly. Defaulting to HORIZONTAL
